2013-07-07 22:33:40,074 [5] Orchard.Environment.DefaultAssemblyLoader - Error loading assembly 'Orchard.jQuery'
System.BadImageFormatException: Could not load file or assembly 'Orchard.jQuery' or one of its dependencies. The module was expected to contain an assembly manifest.
File name: 'Orchard.jQuery'
   at System.Reflection.RuntimeAssembly._nLoad(AssemblyName fileName, String codeBase, Evidence assemblySecurity, RuntimeAssembly locationHint, StackCrawlMark& stackMark, IntPtr pPrivHostBinder, Boolean throwOnFileNotFound, Boolean forIntrospection, Boolean suppressSecurityChecks)
   at System.Reflection.RuntimeAssembly.InternalLoadAssemblyName(AssemblyName assemblyRef, Evidence assemblySecurity, RuntimeAssembly reqAssembly, StackCrawlMark& stackMark, IntPtr pPrivHostBinder, Boolean throwOnFileNotFound, Boolean forIntrospection, Boolean suppressSecurityChecks)
   at System.Reflection.RuntimeAssembly.InternalLoad(String assemblyString, Evidence assemblySecurity, StackCrawlMark& stackMark, IntPtr pPrivHostBinder, Boolean forIntrospection)
   at System.Reflection.RuntimeAssembly.InternalLoad(String assemblyString, Evidence assemblySecurity, StackCrawlMark& stackMark, Boolean forIntrospection)
   at System.Reflection.Assembly.Load(String assemblyString)
   at Orchard.Environment.DefaultAssemblyLoader.LoadWorker(String shortName, String fullName) in c:\Dev\OrchardCMS\dev.mtbfitness.co.uk\src\Orchard\Environment\IAssemblyLoader.cs:line 56
   at Orchard.Environment.DefaultAssemblyLoader.<>c__DisplayClass4.<Load>b__2(String shortName) in c:\Dev\OrchardCMS\dev.mtbfitness.co.uk\src\Orchard\Environment\IAssemblyLoader.cs:line 26
   at System.Collections.Concurrent.ConcurrentDictionary`2.GetOrAdd(TKey key, Func`2 valueFactory)
   at Orchard.Environment.DefaultAssemblyLoader.Load(String assemblyName) in c:\Dev\OrchardCMS\dev.mtbfitness.co.uk\src\Orchard\Environment\IAssemblyLoader.cs:line 26

WRN: Assembly binding logging is turned OFF.
To enable assembly bind failure logging, set the registry value [HKLM\Software\Microsoft\Fusion!EnableLog] (DWORD) to 1.
Note: There is some performance penalty associated with assembly bind failure logging.
To turn this feature off, remove the registry value [HKLM\Software\Microsoft\Fusion!EnableLog].

2013-07-07 22:33:42,332 [5] Orchard.Environment.Extensions.ExtensionManager - No suitable loader found for extension "Orchard.jQuery"
2013-07-07 22:33:42,345 [5] Orchard.Environment.DefaultAssemblyLoader - Error loading assembly 'Orchard.PublishLater'
System.BadImageFormatException: Could not load file or assembly 'Orchard.PublishLater' or one of its dependencies. The module was expected to contain an assembly manifest.
File name: 'Orchard.PublishLater'
   at System.Reflection.RuntimeAssembly._nLoad(AssemblyName fileName, String codeBase, Evidence assemblySecurity, RuntimeAssembly locationHint, StackCrawlMark& stackMark, IntPtr pPrivHostBinder, Boolean throwOnFileNotFound, Boolean forIntrospection, Boolean suppressSecurityChecks)
   at System.Reflection.RuntimeAssembly.InternalLoadAssemblyName(AssemblyName assemblyRef, Evidence assemblySecurity, RuntimeAssembly reqAssembly, StackCrawlMark& stackMark, IntPtr pPrivHostBinder, Boolean throwOnFileNotFound, Boolean forIntrospection, Boolean suppressSecurityChecks)
   at System.Reflection.RuntimeAssembly.InternalLoad(String assemblyString, Evidence assemblySecurity, StackCrawlMark& stackMark, IntPtr pPrivHostBinder, Boolean forIntrospection)
   at System.Reflection.RuntimeAssembly.InternalLoad(String assemblyString, Evidence assemblySecurity, StackCrawlMark& stackMark, Boolean forIntrospection)
   at System.Reflection.Assembly.Load(String assemblyString)
   at Orchard.Environment.DefaultAssemblyLoader.LoadWorker(String shortName, String fullName) in c:\Dev\OrchardCMS\dev.mtbfitness.co.uk\src\Orchard\Environment\IAssemblyLoader.cs:line 56
   at Orchard.Environment.DefaultAssemblyLoader.<>c__DisplayClass4.<Load>b__2(String shortName) in c:\Dev\OrchardCMS\dev.mtbfitness.co.uk\src\Orchard\Environment\IAssemblyLoader.cs:line 26
   at System.Collections.Concurrent.ConcurrentDictionary`2.GetOrAdd(TKey key, Func`2 valueFactory)
   at Orchard.Environment.DefaultAssemblyLoader.Load(String assemblyName) in c:\Dev\OrchardCMS\dev.mtbfitness.co.uk\src\Orchard\Environment\IAssemblyLoader.cs:line 26

WRN: Assembly binding logging is turned OFF.
To enable assembly bind failure logging, set the registry value [HKLM\Software\Microsoft\Fusion!EnableLog] (DWORD) to 1.
Note: There is some performance penalty associated with assembly bind failure logging.
To turn this feature off, remove the registry value [HKLM\Software\Microsoft\Fusion!EnableLog].

2013-07-07 22:33:42,352 [5] Orchard.Environment.Extensions.ExtensionManager - No suitable loader found for extension "Orchard.PublishLater"
2013-07-07 22:34:55,452 [5] Orchard.Tasks.BackgroundService - Error while processing background task
Autofac.Core.DependencyResolutionException: None of the constructors found with 'Orchard.Environment.AutofacUtil.DynamicProxy2.ConstructorFinderWrapper' on type 'Orchard.Blogs.Services.BlogPostService' can be invoked with the available services and parameters:
Cannot resolve parameter 'Orchard.Tasks.Scheduling.IPublishingTaskManager publishingTaskManager' of constructor 'Void .ctor(Orchard.ContentManagement.IContentManager, Orchard.Data.IRepository`1[Orchard.Blogs.Models.BlogPartArchiveRecord], Orchard.Tasks.Scheduling.IPublishingTaskManager, Orchard.ContentManagement.MetaData.IContentDefinitionManager)'.
   at Autofac.Core.Activators.Reflection.ReflectionActivator.ActivateInstance(IComponentContext context, IEnumerable`1 parameters)
   at Autofac.Core.Resolving.InstanceLookup.Activate(IEnumerable`1 parameters)
   at Autofac.Core.Lifetime.LifetimeScope.GetOrCreateAndShare(Guid id, Func`1 creator)
   at Autofac.Core.Resolving.InstanceLookup.Execute()
   at Autofac.Core.Resolving.ResolveOperation.GetOrCreateInstance(ISharingLifetimeScope currentOperationScope, IComponentRegistration registration, IEnumerable`1 parameters)
   at Autofac.Core.Activators.Reflection.ConstructorParameterBinding.Instantiate()
   at Autofac.Core.Activators.Reflection.ReflectionActivator.ActivateInstance(IComponentContext context, IEnumerable`1 parameters)
   at Autofac.Core.Resolving.InstanceLookup.Activate(IEnumerable`1 parameters)
   at Autofac.Core.Lifetime.LifetimeScope.GetOrCreateAndShare(Guid id, Func`1 creator)
   at Autofac.Core.Resolving.InstanceLookup.Execute()
   at Autofac.Core.Resolving.ResolveOperation.GetOrCreateInstance(ISharingLifetimeScope currentOperationScope, IComponentRegistration registration, IEnumerable`1 parameters)
   at System.Linq.Enumerable.WhereSelectArrayIterator`2.MoveNext()
   at System.Linq.Buffer`1..ctor(IEnumerable`1 source)
   at System.Linq.Enumerable.ToArray[TSource](IEnumerable`1 source)
   at Autofac.Features.Collections.CollectionRegistrationSource.<>c__DisplayClass4.<RegistrationsFor>b__0(IComponentContext c, IEnumerable`1 p)
   at Autofac.Core.Activators.Delegate.DelegateActivator.ActivateInstance(IComponentContext context, IEnumerable`1 parameters)
   at Autofac.Core.Resolving.InstanceLookup.Activate(IEnumerable`1 parameters)
   at Autofac.Core.Resolving.InstanceLookup.Execute()
   at Autofac.Core.Resolving.ResolveOperation.GetOrCreateInstance(ISharingLifetimeScope currentOperationScope, IComponentRegistration registration, IEnumerable`1 parameters)
   at Autofac.Builder.RegistrationBuilder.<>c__DisplayClass1`1.<ForDelegate>b__0(IComponentContext c, IEnumerable`1 p)
   at Autofac.Core.Activators.Delegate.DelegateActivator.ActivateInstance(IComponentContext context, IEnumerable`1 parameters)
   at Autofac.Core.Resolving.InstanceLookup.Activate(IEnumerable`1 parameters)
   at Autofac.Core.Resolving.InstanceLookup.Execute()
   at Autofac.Core.Resolving.ResolveOperation.GetOrCreateInstance(ISharingLifetimeScope currentOperationScope, IComponentRegistration registration, IEnumerable`1 parameters)
   at Autofac.Core.Activators.Reflection.ConstructorParameterBinding.Instantiate()
   at Autofac.Core.Activators.Reflection.ReflectionActivator.ActivateInstance(IComponentContext context, IEnumerable`1 parameters)
   at Autofac.Core.Resolving.InstanceLookup.Activate(IEnumerable`1 parameters)
   at Autofac.Core.Lifetime.LifetimeScope.GetOrCreateAndShare(Guid id, Func`1 creator)
   at Autofac.Core.Resolving.InstanceLookup.Execute()
   at Autofac.Core.Resolving.ResolveOperation.GetOrCreateInstance(ISharingLifetimeScope currentOperationScope, IComponentRegistration registration, IEnumerable`1 parameters)
   at System.Linq.Enumerable.WhereSelectArrayIterator`2.MoveNext()
   at System.Linq.Buffer`1..ctor(IEnumerable`1 source)
   at System.Linq.Enumerable.ToArray[TSource](IEnumerable`1 source)
   at Autofac.Features.Collections.CollectionRegistrationSource.<>c__DisplayClass4.<RegistrationsFor>b__0(IComponentContext c, IEnumerable`1 p)
   at Autofac.Core.Activators.Delegate.DelegateActivator.ActivateInstance(IComponentContext context, IEnumerable`1 parameters)
   at Autofac.Core.Resolving.InstanceLookup.Activate(IEnumerable`1 parameters)
   at Autofac.Core.Resolving.InstanceLookup.Execute()
   at Autofac.Core.Resolving.ResolveOperation.GetOrCreateInstance(ISharingLifetimeScope currentOperationScope, IComponentRegistration registration, IEnumerable`1 parameters)
   at Autofac.Builder.RegistrationBuilder.<>c__DisplayClass1`1.<ForDelegate>b__0(IComponentContext c, IEnumerable`1 p)
   at Autofac.Core.Activators.Delegate.DelegateActivator.ActivateInstance(IComponentContext context, IEnumerable`1 parameters)
   at Autofac.Core.Resolving.InstanceLookup.Activate(IEnumerable`1 parameters)
   at Autofac.Core.Resolving.InstanceLookup.Execute()
   at Autofac.Core.Resolving.ResolveOperation.GetOrCreateInstance(ISharingLifetimeScope currentOperationScope, IComponentRegistration registration, IEnumerable`1 parameters)
   at Autofac.Core.Resolving.ResolveOperation.Execute(IComponentRegistration registration, IEnumerable`1 parameters)
   at Autofac.Core.Lifetime.LifetimeScope.ResolveComponent(IComponentRegistration registration, IEnumerable`1 parameters)
   at Autofac.Features.LazyDependencies.LazyRegistrationSource.<>c__DisplayClass5`1.<>c__DisplayClass7.<CreateLazyRegistration>b__4()
   at System.Lazy`1.CreateValue()
   at System.Lazy`1.LazyInitValue()
   at Orchard.ContentManagement.DefaultContentManager.get_Handlers() in c:\Dev\OrchardCMS\dev.mtbfitness.co.uk\src\Orchard\ContentManagement\DefaultContentManager.cs:line 62
   at Orchard.ContentManagement.DefaultContentManager.New(String contentType) in c:\Dev\OrchardCMS\dev.mtbfitness.co.uk\src\Orchard\ContentManagement\DefaultContentManager.cs:line 83
   at Orchard.ContentManagement.DefaultContentManager.Get(Int32 id, VersionOptions options, QueryHints hints) in c:\Dev\OrchardCMS\dev.mtbfitness.co.uk\src\Orchard\ContentManagement\DefaultContentManager.cs:line 199
   at Orchard.ContentManagement.DefaultContentManager.Get(Int32 id, VersionOptions options) in c:\Dev\OrchardCMS\dev.mtbfitness.co.uk\src\Orchard\ContentManagement\DefaultContentManager.cs:line 111
   at Orchard.ContentManagement.DefaultContentQuery.<Slice>b__0(ContentItemVersionRecord x) in c:\Dev\OrchardCMS\dev.mtbfitness.co.uk\src\Orchard\ContentManagement\DefaultContentQuery.cs:line 148
   at System.Linq.Enumerable.WhereSelectListIterator`2.MoveNext()
   at System.Collections.Generic.List`1..ctor(IEnumerable`1 collection)
   at System.Linq.Enumerable.ToList[TSource](IEnumerable`1 source)
   at Orchard.Utility.Extensions.ReadOnlyCollectionExtensions.ToReadOnlyCollection[T](IEnumerable`1 enumerable) in c:\Dev\OrchardCMS\dev.mtbfitness.co.uk\src\Orchard\Utility\Extensions\ReadOnlyCollectionExtensions.cs:line 8
   at Orchard.ContentManagement.DefaultContentQuery.Slice(Int32 skip, Int32 count) in c:\Dev\OrchardCMS\dev.mtbfitness.co.uk\src\Orchard\ContentManagement\DefaultContentQuery.cs:line 146
   at Orchard.ContentManagement.DefaultContentQuery.ContentQuery`1.Orchard.ContentManagement.IContentQuery<T>.Slice(Int32 skip, Int32 count) in c:\Dev\OrchardCMS\dev.mtbfitness.co.uk\src\Orchard\ContentManagement\DefaultContentQuery.cs:line 195
   at Orchard.Core.Settings.Services.SiteService.<GetSiteSettings>b__0(AcquireContext`1 ctx) in c:\Dev\OrchardCMS\dev.mtbfitness.co.uk\src\Orchard.Web\Core\Settings\Services\SiteService.cs:line 30
   at Orchard.Caching.Cache`2.CreateEntry(TKey k, Func`2 acquire) in c:\Dev\OrchardCMS\dev.mtbfitness.co.uk\src\Orchard\Caching\Cache.cs:line 57
   at Orchard.Caching.Cache`2.AddEntry(TKey k, Func`2 acquire) in c:\Dev\OrchardCMS\dev.mtbfitness.co.uk\src\Orchard\Caching\Cache.cs:line 27
   at Orchard.Caching.Cache`2.<>c__DisplayClass2.<Get>b__0(TKey k) in c:\Dev\OrchardCMS\dev.mtbfitness.co.uk\src\Orchard\Caching\Cache.cs:line 19
   at System.Collections.Concurrent.ConcurrentDictionary`2.AddOrUpdate(TKey key, Func`2 addValueFactory, Func`3 updateValueFactory)
   at Orchard.Caching.Cache`2.Get(TKey key, Func`2 acquire) in c:\Dev\OrchardCMS\dev.mtbfitness.co.uk\src\Orchard\Caching\Cache.cs:line 17
   at Orchard.Caching.DefaultCacheManager.Get[TKey,TResult](TKey key, Func`2 acquire) in c:\Dev\OrchardCMS\dev.mtbfitness.co.uk\src\Orchard\Caching\DefaultCacheManager.cs:line 33
   at Orchard.Core.Settings.Services.SiteService.GetSiteSettings() in c:\Dev\OrchardCMS\dev.mtbfitness.co.uk\src\Orchard.Web\Core\Settings\Services\SiteService.cs:line 29
   at Orchard.Settings.CurrentSiteWorkContext.Get[T](String name) in c:\Dev\OrchardCMS\dev.mtbfitness.co.uk\src\Orchard\Settings\CurrentSiteWorkContext.cs:line 13
   at Orchard.Environment.WorkContextImplementation.<>c__DisplayClass7`1.<FindResolverForState>b__2(IWorkContextStateProvider wcsp) in c:\Dev\OrchardCMS\dev.mtbfitness.co.uk\src\Orchard\Environment\WorkContextImplementation.cs:line 32
   at System.Linq.Enumerable.WhereSelectArrayIterator`2.MoveNext()
   at System.Linq.Enumerable.FirstOrDefault[TSource](IEnumerable`1 source, Func`2 predicate)
   at Orchard.Environment.WorkContextImplementation.FindResolverForState[T](String name) in c:\Dev\OrchardCMS\dev.mtbfitness.co.uk\src\Orchard\Environment\WorkContextImplementation.cs:line 32
   at System.Collections.Concurrent.ConcurrentDictionary`2.GetOrAdd(TKey key, Func`2 valueFactory)
   at Orchard.Environment.WorkContextImplementation.GetState[T](String name) in c:\Dev\OrchardCMS\dev.mtbfitness.co.uk\src\Orchard\Environment\WorkContextImplementation.cs:line 27
   at Orchard.WorkContext.get_CurrentSite() in c:\Dev\OrchardCMS\dev.mtbfitness.co.uk\src\Orchard\WorkContext.cs:line 52
   at Orchard.Warmup.Services.WarmupTask.Sweep()
   at Orchard.Tasks.BackgroundService.Sweep() in c:\Dev\OrchardCMS\dev.mtbfitness.co.uk\src\Orchard\Tasks\BackgroundService.cs:line 31
2013-07-07 22:35:44,905 [5] Orchard.Environment.DefaultAssemblyLoader - Error loading assembly 'Orchard.jQuery'
System.BadImageFormatException: Could not load file or assembly 'Orchard.jQuery' or one of its dependencies. The module was expected to contain an assembly manifest.
File name: 'Orchard.jQuery'
   at System.Reflection.RuntimeAssembly._nLoad(AssemblyName fileName, String codeBase, Evidence assemblySecurity, RuntimeAssembly locationHint, StackCrawlMark& stackMark, IntPtr pPrivHostBinder, Boolean throwOnFileNotFound, Boolean forIntrospection, Boolean suppressSecurityChecks)
   at System.Reflection.RuntimeAssembly.InternalLoadAssemblyName(AssemblyName assemblyRef, Evidence assemblySecurity, RuntimeAssembly reqAssembly, StackCrawlMark& stackMark, IntPtr pPrivHostBinder, Boolean throwOnFileNotFound, Boolean forIntrospection, Boolean suppressSecurityChecks)
   at System.Reflection.RuntimeAssembly.InternalLoad(String assemblyString, Evidence assemblySecurity, StackCrawlMark& stackMark, IntPtr pPrivHostBinder, Boolean forIntrospection)
   at System.Reflection.RuntimeAssembly.InternalLoad(String assemblyString, Evidence assemblySecurity, StackCrawlMark& stackMark, Boolean forIntrospection)
   at System.Reflection.Assembly.Load(String assemblyString)
   at Orchard.Environment.DefaultAssemblyLoader.LoadWorker(String shortName, String fullName) in c:\Dev\OrchardCMS\dev.mtbfitness.co.uk\src\Orchard\Environment\IAssemblyLoader.cs:line 56
   at Orchard.Environment.DefaultAssemblyLoader.<>c__DisplayClass4.<Load>b__2(String shortName) in c:\Dev\OrchardCMS\dev.mtbfitness.co.uk\src\Orchard\Environment\IAssemblyLoader.cs:line 26
   at System.Collections.Concurrent.ConcurrentDictionary`2.GetOrAdd(TKey key, Func`2 valueFactory)
   at Orchard.Environment.DefaultAssemblyLoader.Load(String assemblyName) in c:\Dev\OrchardCMS\dev.mtbfitness.co.uk\src\Orchard\Environment\IAssemblyLoader.cs:line 26

WRN: Assembly binding logging is turned OFF.
To enable assembly bind failure logging, set the registry value [HKLM\Software\Microsoft\Fusion!EnableLog] (DWORD) to 1.
Note: There is some performance penalty associated with assembly bind failure logging.
To turn this feature off, remove the registry value [HKLM\Software\Microsoft\Fusion!EnableLog].

2013-07-07 22:35:44,967 [5] Orchard.Environment.Extensions.ExtensionManager - No suitable loader found for extension "Orchard.jQuery"
2013-07-07 22:35:44,973 [5] Orchard.Environment.DefaultAssemblyLoader - Error loading assembly 'Orchard.PublishLater'
System.BadImageFormatException: Could not load file or assembly 'Orchard.PublishLater' or one of its dependencies. The module was expected to contain an assembly manifest.
File name: 'Orchard.PublishLater'
   at System.Reflection.RuntimeAssembly._nLoad(AssemblyName fileName, String codeBase, Evidence assemblySecurity, RuntimeAssembly locationHint, StackCrawlMark& stackMark, IntPtr pPrivHostBinder, Boolean throwOnFileNotFound, Boolean forIntrospection, Boolean suppressSecurityChecks)
   at System.Reflection.RuntimeAssembly.InternalLoadAssemblyName(AssemblyName assemblyRef, Evidence assemblySecurity, RuntimeAssembly reqAssembly, StackCrawlMark& stackMark, IntPtr pPrivHostBinder, Boolean throwOnFileNotFound, Boolean forIntrospection, Boolean suppressSecurityChecks)
   at System.Reflection.RuntimeAssembly.InternalLoad(String assemblyString, Evidence assemblySecurity, StackCrawlMark& stackMark, IntPtr pPrivHostBinder, Boolean forIntrospection)
   at System.Reflection.RuntimeAssembly.InternalLoad(String assemblyString, Evidence assemblySecurity, StackCrawlMark& stackMark, Boolean forIntrospection)
   at System.Reflection.Assembly.Load(String assemblyString)
   at Orchard.Environment.DefaultAssemblyLoader.LoadWorker(String shortName, String fullName) in c:\Dev\OrchardCMS\dev.mtbfitness.co.uk\src\Orchard\Environment\IAssemblyLoader.cs:line 56
   at Orchard.Environment.DefaultAssemblyLoader.<>c__DisplayClass4.<Load>b__2(String shortName) in c:\Dev\OrchardCMS\dev.mtbfitness.co.uk\src\Orchard\Environment\IAssemblyLoader.cs:line 26
   at System.Collections.Concurrent.ConcurrentDictionary`2.GetOrAdd(TKey key, Func`2 valueFactory)
   at Orchard.Environment.DefaultAssemblyLoader.Load(String assemblyName) in c:\Dev\OrchardCMS\dev.mtbfitness.co.uk\src\Orchard\Environment\IAssemblyLoader.cs:line 26

WRN: Assembly binding logging is turned OFF.
To enable assembly bind failure logging, set the registry value [HKLM\Software\Microsoft\Fusion!EnableLog] (DWORD) to 1.
Note: There is some performance penalty associated with assembly bind failure logging.
To turn this feature off, remove the registry value [HKLM\Software\Microsoft\Fusion!EnableLog].

2013-07-07 22:35:44,976 [5] Orchard.Environment.Extensions.ExtensionManager - No suitable loader found for extension "Orchard.PublishLater"
2013-07-07 22:36:00,621 [5] Orchard.Environment.DefaultAssemblyLoader - Error loading assembly 'Orchard.jQuery'
System.BadImageFormatException: Could not load file or assembly 'Orchard.jQuery' or one of its dependencies. The module was expected to contain an assembly manifest.
File name: 'Orchard.jQuery'
   at System.Reflection.RuntimeAssembly._nLoad(AssemblyName fileName, String codeBase, Evidence assemblySecurity, RuntimeAssembly locationHint, StackCrawlMark& stackMark, IntPtr pPrivHostBinder, Boolean throwOnFileNotFound, Boolean forIntrospection, Boolean suppressSecurityChecks)
   at System.Reflection.RuntimeAssembly.InternalLoadAssemblyName(AssemblyName assemblyRef, Evidence assemblySecurity, RuntimeAssembly reqAssembly, StackCrawlMark& stackMark, IntPtr pPrivHostBinder, Boolean throwOnFileNotFound, Boolean forIntrospection, Boolean suppressSecurityChecks)
   at System.Reflection.RuntimeAssembly.InternalLoad(String assemblyString, Evidence assemblySecurity, StackCrawlMark& stackMark, IntPtr pPrivHostBinder, Boolean forIntrospection)
   at System.Reflection.RuntimeAssembly.InternalLoad(String assemblyString, Evidence assemblySecurity, StackCrawlMark& stackMark, Boolean forIntrospection)
   at System.Reflection.Assembly.Load(String assemblyString)
   at Orchard.Environment.DefaultAssemblyLoader.LoadWorker(String shortName, String fullName) in c:\Dev\OrchardCMS\dev.mtbfitness.co.uk\src\Orchard\Environment\IAssemblyLoader.cs:line 56
   at Orchard.Environment.DefaultAssemblyLoader.<>c__DisplayClass4.<Load>b__2(String shortName) in c:\Dev\OrchardCMS\dev.mtbfitness.co.uk\src\Orchard\Environment\IAssemblyLoader.cs:line 26
   at System.Collections.Concurrent.ConcurrentDictionary`2.GetOrAdd(TKey key, Func`2 valueFactory)
   at Orchard.Environment.DefaultAssemblyLoader.Load(String assemblyName) in c:\Dev\OrchardCMS\dev.mtbfitness.co.uk\src\Orchard\Environment\IAssemblyLoader.cs:line 26

WRN: Assembly binding logging is turned OFF.
To enable assembly bind failure logging, set the registry value [HKLM\Software\Microsoft\Fusion!EnableLog] (DWORD) to 1.
Note: There is some performance penalty associated with assembly bind failure logging.
To turn this feature off, remove the registry value [HKLM\Software\Microsoft\Fusion!EnableLog].

2013-07-07 22:36:00,665 [5] Orchard.Environment.Extensions.ExtensionManager - No suitable loader found for extension "Orchard.jQuery"
2013-07-07 22:36:00,674 [5] Orchard.Environment.DefaultAssemblyLoader - Error loading assembly 'Orchard.PublishLater'
System.BadImageFormatException: Could not load file or assembly 'Orchard.PublishLater' or one of its dependencies. The module was expected to contain an assembly manifest.
File name: 'Orchard.PublishLater'
   at System.Reflection.RuntimeAssembly._nLoad(AssemblyName fileName, String codeBase, Evidence assemblySecurity, RuntimeAssembly locationHint, StackCrawlMark& stackMark, IntPtr pPrivHostBinder, Boolean throwOnFileNotFound, Boolean forIntrospection, Boolean suppressSecurityChecks)
   at System.Reflection.RuntimeAssembly.InternalLoadAssemblyName(AssemblyName assemblyRef, Evidence assemblySecurity, RuntimeAssembly reqAssembly, StackCrawlMark& stackMark, IntPtr pPrivHostBinder, Boolean throwOnFileNotFound, Boolean forIntrospection, Boolean suppressSecurityChecks)
   at System.Reflection.RuntimeAssembly.InternalLoad(String assemblyString, Evidence assemblySecurity, StackCrawlMark& stackMark, IntPtr pPrivHostBinder, Boolean forIntrospection)
   at System.Reflection.RuntimeAssembly.InternalLoad(String assemblyString, Evidence assemblySecurity, StackCrawlMark& stackMark, Boolean forIntrospection)
   at System.Reflection.Assembly.Load(String assemblyString)
   at Orchard.Environment.DefaultAssemblyLoader.LoadWorker(String shortName, String fullName) in c:\Dev\OrchardCMS\dev.mtbfitness.co.uk\src\Orchard\Environment\IAssemblyLoader.cs:line 56
   at Orchard.Environment.DefaultAssemblyLoader.<>c__DisplayClass4.<Load>b__2(String shortName) in c:\Dev\OrchardCMS\dev.mtbfitness.co.uk\src\Orchard\Environment\IAssemblyLoader.cs:line 26
   at System.Collections.Concurrent.ConcurrentDictionary`2.GetOrAdd(TKey key, Func`2 valueFactory)
   at Orchard.Environment.DefaultAssemblyLoader.Load(String assemblyName) in c:\Dev\OrchardCMS\dev.mtbfitness.co.uk\src\Orchard\Environment\IAssemblyLoader.cs:line 26

WRN: Assembly binding logging is turned OFF.
To enable assembly bind failure logging, set the registry value [HKLM\Software\Microsoft\Fusion!EnableLog] (DWORD) to 1.
Note: There is some performance penalty associated with assembly bind failure logging.
To turn this feature off, remove the registry value [HKLM\Software\Microsoft\Fusion!EnableLog].

2013-07-07 22:36:00,685 [5] Orchard.Environment.Extensions.ExtensionManager - No suitable loader found for extension "Orchard.PublishLater"
